Using pre-set license
Built from '2020.3/staging' branch; Version is '2020.3.32f1 (12f8b0834f07) revision 1243312'; Using compiler version '192528614'; Build Type 'Release'
OS: 'Windows 10  (10.0.19043) 64bit Professional' Language: 'en' Physical Memory: 7989 MB
BatchMode: 1, IsHumanControllingUs: 0, StartBugReporterOnCrash: 0, Is64bit: 1, IsPro: 0

COMMAND LINE ARGUMENTS:
C:\Program Files\Unity\Hub\Editor\2020.3.32f1\Editor\Unity.exe
-adb2
-batchMode
-noUpm
-name
AssetImportWorker0
-projectPath
C:/Users/janderson/OneDrive - York County School of Technology/Documents/GitHub/Da-Spookz/Unity Project
-logFile
Logs/AssetImportWorker0.log
-srvPort
50617
Successfully changed project path to: C:/Users/janderson/OneDrive - York County School of Technology/Documents/GitHub/Da-Spookz/Unity Project
C:/Users/janderson/OneDrive - York County School of Technology/Documents/GitHub/Da-Spookz/Unity Project
Using Asset Import Pipeline V2.
Refreshing native plugins compatible for Editor in 34.82 ms, found 2 plugins.
Preloading 0 native plugins for Editor in 0.00 ms.
Initialize engine version: 2020.3.32f1 (12f8b0834f07)
[Subsystems] Discovering subsystems at path C:/Program Files/Unity/Hub/Editor/2020.3.32f1/Editor/Data/Resources/UnitySubsystems
[Subsystems] Discovering subsystems at path C:/Users/janderson/OneDrive - York County School of Technology/Documents/GitHub/Da-Spookz/Unity Project/Assets
GfxDevice: creating device client; threaded=0
Direct3D:
    Version:  Direct3D 11.0 [level 11.1]
    Renderer: Intel(R) UHD Graphics 630 (ID=0x3e92)
    Vendor:   
    VRAM:     3994 MB
    Driver:   30.0.100.9864
Initialize mono
Mono path[0] = 'C:/Program Files/Unity/Hub/Editor/2020.3.32f1/Editor/Data/Managed'
Mono path[1] = 'C:/Program Files/Unity/Hub/Editor/2020.3.32f1/Editor/Data/MonoBleedingEdge/lib/mono/unityjit'
Mono config path = 'C:/Program Files/Unity/Hub/Editor/2020.3.32f1/Editor/Data/MonoBleedingEdge/etc'
Using monoOptions --debugger-agent=transport=dt_socket,embedding=1,server=y,suspend=n,address=127.0.0.1:56524
Begin MonoManager ReloadAssembly
Registering precompiled unity dll's ...
Register platform support module: C:/Program Files/Unity/Hub/Editor/2020.3.32f1/Editor/Data/PlaybackEngines/WebGLSupport/UnityEditor.WebGL.Extensions.dll
Register platform support module: C:/Program Files/Unity/Hub/Editor/2020.3.32f1/Editor/Data/PlaybackEngines/WindowsStandaloneSupport/UnityEditor.WindowsStandalone.Extensions.dll
Registered in 0.003292 seconds.
Native extension for WindowsStandalone target not found
Native extension for WebGL target not found
Refreshing native plugins compatible for Editor in 29.91 ms, found 2 plugins.
Preloading 0 native plugins for Editor in 0.00 ms.
Mono: successfully reloaded assembly
- Completed reload, in  0.569 seconds
Domain Reload Profiling:
	ReloadAssembly (570ms)
		BeginReloadAssembly (77ms)
			ExecutionOrderSort (0ms)
			DisableScriptedObjects (0ms)
			BackupInstance (0ms)
			ReleaseScriptingObjects (0ms)
			CreateAndSetChildDomain (1ms)
		EndReloadAssembly (417ms)
			LoadAssemblies (75ms)
			RebuildTransferFunctionScriptingTraits (0ms)
			SetupTypeCache (143ms)
			ReleaseScriptCaches (0ms)
			RebuildScriptCaches (28ms)
			SetupLoadedEditorAssemblies (147ms)
				LogAssemblyErrors (0ms)
				InitializePlatformSupportModulesInManaged (5ms)
				SetLoadedEditorAssemblies (0ms)
				RefreshPlugins (30ms)
				BeforeProcessingInitializeOnLoad (12ms)
				ProcessInitializeOnLoadAttributes (75ms)
				ProcessInitializeOnLoadMethodAttributes (24ms)
				AfterProcessingInitializeOnLoad (0ms)
				EditorAssembliesLoaded (0ms)
			ExecutionOrderSort2 (0ms)
			AwakeInstancesAfterBackupRestoration (0ms)
Platform modules already initialized, skipping
Registering precompiled user dll's ...
Registered in 0.004477 seconds.
Begin MonoManager ReloadAssembly
Native extension for WindowsStandalone target not found
Native extension for WebGL target not found
Refreshing native plugins compatible for Editor in 0.37 ms, found 2 plugins.
Preloading 0 native plugins for Editor in 0.00 ms.
Mono: successfully reloaded assembly
- Completed reload, in  0.965 seconds
Domain Reload Profiling:
	ReloadAssembly (966ms)
		BeginReloadAssembly (161ms)
			ExecutionOrderSort (0ms)
			DisableScriptedObjects (4ms)
			BackupInstance (0ms)
			ReleaseScriptingObjects (0ms)
			CreateAndSetChildDomain (18ms)
		EndReloadAssembly (744ms)
			LoadAssemblies (106ms)
			RebuildTransferFunctionScriptingTraits (0ms)
			SetupTypeCache (247ms)
			ReleaseScriptCaches (0ms)
			RebuildScriptCaches (39ms)
			SetupLoadedEditorAssemblies (287ms)
				LogAssemblyErrors (0ms)
				InitializePlatformSupportModulesInManaged (5ms)
				SetLoadedEditorAssemblies (0ms)
				RefreshPlugins (0ms)
				BeforeProcessingInitializeOnLoad (88ms)
				ProcessInitializeOnLoadAttributes (175ms)
				ProcessInitializeOnLoadMethodAttributes (9ms)
				AfterProcessingInitializeOnLoad (9ms)
				EditorAssembliesLoaded (0ms)
			ExecutionOrderSort2 (0ms)
			AwakeInstancesAfterBackupRestoration (6ms)
Platform modules already initialized, skipping
========================================================================
Worker process is ready to serve import requests
Launched and connected shader compiler UnityShaderCompiler.exe after 0.07 seconds
Refreshing native plugins compatible for Editor in 0.31 ms, found 2 plugins.
Preloading 0 native plugins for Editor in 0.00 ms.
Unloading 1557 Unused Serialized files (Serialized files now loaded: 0)
System memory in use before: 94.3 MB.
System memory in use after: 94.4 MB.

Unloading 15 unused Assets to reduce memory usage. Loaded Objects now: 2021.
Total: 6.868700 ms (FindLiveObjects: 0.823200 ms CreateObjectMapping: 0.470800 ms MarkObjects: 5.499300 ms  DeleteObjects: 0.073600 ms)

AssetImportParameters requested are different than current active one (requested -> active):
  custom:framework-win-MediaFoundation: 216162199b28c13a410421893ffa2e32 -> 
  custom:video-decoder-ogg-theora: a1e56fd34408186e4bbccfd4996cb3dc -> 
  custom:container-muxer-webm: aa71ff27fc2769a1b78a27578f13a17b -> 
  custom:container-demuxer-webm: 4f35f7cbe854078d1ac9338744f61a02 -> 
  custom:container-demuxer-ogg: 62fdf1f143b41e24485cea50d1cbac27 -> 
  custom:video-encoder-webm-vp8: eb34c28f22e8b96e1ab97ce403110664 -> 
  custom:video-decoder-webm-vp8: 9c59270c3fd7afecdb556c50c9e8de78 -> 
  custom:audio-decoder-ogg-vorbis: bf7c407c2cedff20999df2af8eb42d56 -> 
  custom:audio-encoder-webm-vorbis: bf7c407c2cedff20999df2af8eb42d56 -> 
========================================================================
Received Import Request.
  path: Assets/ZurtleAnimWalk.fbx
  artifactKey: Guid(fc0e1f7bb61795243bc18353674d8304) Importer(815301076,1909f56bfc062723c751e8b465ee728b)
Start importing Assets/ZurtleAnimWalk.fbx using Guid(fc0e1f7bb61795243bc18353674d8304) Importer(815301076,1909f56bfc062723c751e8b465ee728b)  -> (artifact id: '4b535dc16b0f53318832a19192c7c303') in 0.669829 seconds 
========================================================================
Received Import Request.
  Time since last request: 197.936950 seconds.
  path: Assets/FBX/textures/GoofyEyes.png
  artifactKey: Guid(1708fe00dd5894047887cc1c02b8f416) Importer(815301076,1909f56bfc062723c751e8b465ee728b)
Start importing Assets/FBX/textures/GoofyEyes.png using Guid(1708fe00dd5894047887cc1c02b8f416) Importer(815301076,1909f56bfc062723c751e8b465ee728b)  -> (artifact id: '375f2b2ec2e0f47ebfd76369e9a57982') in 0.068542 seconds 
========================================================================
Received Import Request.
  Time since last request: 0.003968 seconds.
  path: Assets/FBX/textures/GoofyTeeth.png
  artifactKey: Guid(0f38ec35b69c27e49a82c6f9e680ddaa) Importer(815301076,1909f56bfc062723c751e8b465ee728b)
Start importing Assets/FBX/textures/GoofyTeeth.png using Guid(0f38ec35b69c27e49a82c6f9e680ddaa) Importer(815301076,1909f56bfc062723c751e8b465ee728b)  -> (artifact id: 'bd3a0623e516bba9ec21539bfc05c2a2') in 0.040912 seconds 
========================================================================
Received Import Request.
  Time since last request: 0.000281 seconds.
  path: Assets/FBX/textures/GoofyMouth.png
  artifactKey: Guid(ae4f9528161af7b438ae794c8a2ca7ad) Importer(815301076,1909f56bfc062723c751e8b465ee728b)
Start importing Assets/FBX/textures/GoofyMouth.png using Guid(ae4f9528161af7b438ae794c8a2ca7ad) Importer(815301076,1909f56bfc062723c751e8b465ee728b)  -> (artifact id: 'f133f6324658433230050f840b4c01a8') in 0.058041 seconds 
========================================================================
Received Import Request.
  Time since last request: 0.000243 seconds.
  path: Assets/FBX/textures/Material.001 Base Color.png
  artifactKey: Guid(cff8b7d36d91f0d479ce733fab8c0780) Importer(815301076,1909f56bfc062723c751e8b465ee728b)
Start importing Assets/FBX/textures/Material.001 Base Color.png using Guid(cff8b7d36d91f0d479ce733fab8c0780) Importer(815301076,1909f56bfc062723c751e8b465ee728b)  -> (artifact id: 'a87032b1030c603cfdc97f6529c5da3e') in 0.057411 seconds 
========================================================================
Received Import Request.
  Time since last request: 0.000239 seconds.
  path: Assets/FBX/textures/GoofyShirt.png
  artifactKey: Guid(6411d833da6b7ab46a829c8004525542) Importer(815301076,1909f56bfc062723c751e8b465ee728b)
Start importing Assets/FBX/textures/GoofyShirt.png using Guid(6411d833da6b7ab46a829c8004525542) Importer(815301076,1909f56bfc062723c751e8b465ee728b)  -> (artifact id: '5557dcff281194ade89e945eeb1ded62') in 0.054802 seconds 
========================================================================
Received Import Request.
  Time since last request: 661.267145 seconds.
  path: Assets/FBX/Models/ZurtleAnimWalk.fbx
  artifactKey: Guid(fc0e1f7bb61795243bc18353674d8304) Importer(815301076,1909f56bfc062723c751e8b465ee728b)
Start importing Assets/FBX/Models/ZurtleAnimWalk.fbx using Guid(fc0e1f7bb61795243bc18353674d8304) Importer(815301076,1909f56bfc062723c751e8b465ee728b)  -> (artifact id: '1c96d602c2dae8cf6d27379b5d112634') in 0.082820 seconds 
========================================================================
Received Import Request.
  Time since last request: 104.150294 seconds.
  path: Assets/FBX/Models/ZurtleAnimWalk.fbx
  artifactKey: Guid(fc0e1f7bb61795243bc18353674d8304) Importer(815301076,1909f56bfc062723c751e8b465ee728b)
Start importing Assets/FBX/Models/ZurtleAnimWalk.fbx using Guid(fc0e1f7bb61795243bc18353674d8304) Importer(815301076,1909f56bfc062723c751e8b465ee728b)  -> (artifact id: '42afa6b29a773a95b83d0381e0f4475f') in 0.031973 seconds 
========================================================================
Received Import Request.
  Time since last request: 143.392171 seconds.
  path: Assets/FBX/Models/Walk.controller
  artifactKey: Guid(8024b9ce4393b4f4cbd3dbf649275652) Importer(815301076,1909f56bfc062723c751e8b465ee728b)
Start importing Assets/FBX/Models/Walk.controller using Guid(8024b9ce4393b4f4cbd3dbf649275652) Importer(815301076,1909f56bfc062723c751e8b465ee728b)  -> (artifact id: '646870ddaedc355fe39e17077ab53f1c') in 0.014976 seconds 
========================================================================
Received Import Request.
  Time since last request: 22.314394 seconds.
  path: Assets/FBX/Models/ZurtleWalk.controller
  artifactKey: Guid(8024b9ce4393b4f4cbd3dbf649275652) Importer(815301076,1909f56bfc062723c751e8b465ee728b)
Start importing Assets/FBX/Models/ZurtleWalk.controller using Guid(8024b9ce4393b4f4cbd3dbf649275652) Importer(815301076,1909f56bfc062723c751e8b465ee728b)  -> (artifact id: 'bbab7dd9b7b0923229c27b5676552d52') in 0.030726 seconds 
========================================================================
Received Import Request.
  Time since last request: 189.055968 seconds.
  path: Assets/FBX/Models/ZurtleAnimWalk.fbx
  artifactKey: Guid(fc0e1f7bb61795243bc18353674d8304) Importer(815301076,1909f56bfc062723c751e8b465ee728b)
Start importing Assets/FBX/Models/ZurtleAnimWalk.fbx using Guid(fc0e1f7bb61795243bc18353674d8304) Importer(815301076,1909f56bfc062723c751e8b465ee728b)  -> (artifact id: 'b3fc569f187edd0b423f9dd83f9256b8') in 0.035069 seconds 
========================================================================
Received Prepare
Registering precompiled user dll's ...
Registered in 0.004240 seconds.
Begin MonoManager ReloadAssembly
Native extension for WindowsStandalone target not found
Native extension for WebGL target not found
Refreshing native plugins compatible for Editor in 0.33 ms, found 2 plugins.
Preloading 0 native plugins for Editor in 0.00 ms.
Mono: successfully reloaded assembly
- Completed reload, in  0.884 seconds
Domain Reload Profiling:
	ReloadAssembly (885ms)
		BeginReloadAssembly (123ms)
			ExecutionOrderSort (0ms)
			DisableScriptedObjects (4ms)
			BackupInstance (0ms)
			ReleaseScriptingObjects (0ms)
			CreateAndSetChildDomain (31ms)
		EndReloadAssembly (703ms)
			LoadAssemblies (101ms)
			RebuildTransferFunctionScriptingTraits (0ms)
			SetupTypeCache (239ms)
			ReleaseScriptCaches (1ms)
			RebuildScriptCaches (34ms)
			SetupLoadedEditorAssemblies (256ms)
				LogAssemblyErrors (0ms)
				InitializePlatformSupportModulesInManaged (5ms)
				SetLoadedEditorAssemblies (0ms)
				RefreshPlugins (0ms)
				BeforeProcessingInitializeOnLoad (80ms)
				ProcessInitializeOnLoadAttributes (154ms)
				ProcessInitializeOnLoadMethodAttributes (8ms)
				AfterProcessingInitializeOnLoad (9ms)
				EditorAssembliesLoaded (0ms)
			ExecutionOrderSort2 (0ms)
			AwakeInstancesAfterBackupRestoration (6ms)
Platform modules already initialized, skipping
Refreshing native plugins compatible for Editor in 0.32 ms, found 2 plugins.
Preloading 0 native plugins for Editor in 0.00 ms.
Unloading 1538 Unused Serialized files (Serialized files now loaded: 0)
System memory in use before: 96.3 MB.
System memory in use after: 96.4 MB.

Unloading 11 unused Assets to reduce memory usage. Loaded Objects now: 2069.
Total: 2.476400 ms (FindLiveObjects: 0.136500 ms CreateObjectMapping: 0.052400 ms MarkObjects: 2.268600 ms  DeleteObjects: 0.018300 ms)

AssetImportParameters requested are different than current active one (requested -> active):
  custom:framework-win-MediaFoundation: 216162199b28c13a410421893ffa2e32 -> 
  custom:video-decoder-ogg-theora: a1e56fd34408186e4bbccfd4996cb3dc -> 
  custom:container-muxer-webm: aa71ff27fc2769a1b78a27578f13a17b -> 
  custom:container-demuxer-webm: 4f35f7cbe854078d1ac9338744f61a02 -> 
  custom:container-demuxer-ogg: 62fdf1f143b41e24485cea50d1cbac27 -> 
  custom:video-encoder-webm-vp8: eb34c28f22e8b96e1ab97ce403110664 -> 
  custom:video-decoder-webm-vp8: 9c59270c3fd7afecdb556c50c9e8de78 -> 
  custom:audio-decoder-ogg-vorbis: bf7c407c2cedff20999df2af8eb42d56 -> 
  custom:audio-encoder-webm-vorbis: bf7c407c2cedff20999df2af8eb42d56 -> 
========================================================================
Received Import Request.
  Time since last request: 180.643578 seconds.
  path: Assets/FBX/Models/ZurtleAnimWalk.blend
  artifactKey: Guid(6557608eb646bb044acae3fc9c09e8aa) Importer(815301076,1909f56bfc062723c751e8b465ee728b)
Start importing Assets/FBX/Models/ZurtleAnimWalk.blend using Guid(6557608eb646bb044acae3fc9c09e8aa) Importer(815301076,1909f56bfc062723c751e8b465ee728b)  -> (artifact id: '619478cd28a95a666c2817bce6adf4ec') in 0.098930 seconds 
========================================================================
Received Import Request.
  Time since last request: 65.344023 seconds.
  path: Assets/FBX/Models/ZurtleAnimWalk.fbx
  artifactKey: Guid(fc0e1f7bb61795243bc18353674d8304) Importer(815301076,1909f56bfc062723c751e8b465ee728b)
Start importing Assets/FBX/Models/ZurtleAnimWalk.fbx using Guid(fc0e1f7bb61795243bc18353674d8304) Importer(815301076,1909f56bfc062723c751e8b465ee728b)  -> (artifact id: '81010e1e8491312baabee427c7bb86fd') in 0.076616 seconds 
========================================================================
Received Import Request.
  Time since last request: 29.025900 seconds.
  path: Assets/FBX/Models/ZurtleAnimWalk.fbx
  artifactKey: Guid(fc0e1f7bb61795243bc18353674d8304) Importer(815301076,1909f56bfc062723c751e8b465ee728b)
Start importing Assets/FBX/Models/ZurtleAnimWalk.fbx using Guid(fc0e1f7bb61795243bc18353674d8304) Importer(815301076,1909f56bfc062723c751e8b465ee728b)  -> (artifact id: 'f5fac0dcc4c9dc8a0c213d627c39682b') in 0.047304 seconds 
========================================================================
Received Import Request.
  Time since last request: 98.653819 seconds.
  path: Assets/FBX/Models/ZurtleAnimWalk.fbx
  artifactKey: Guid(fc0e1f7bb61795243bc18353674d8304) Importer(815301076,1909f56bfc062723c751e8b465ee728b)
Start importing Assets/FBX/Models/ZurtleAnimWalk.fbx using Guid(fc0e1f7bb61795243bc18353674d8304) Importer(815301076,1909f56bfc062723c751e8b465ee728b)  -> (artifact id: '94ea91930bcf618db32445b601e15fe2') in 0.060541 seconds 
========================================================================
Received Import Request.
  Time since last request: 120.829667 seconds.
  path: Assets/FBX/Materials/Material.001 Base Color 1.mat
  artifactKey: Guid(8c186b2057a88144cafbce49d19eba0c) Importer(815301076,1909f56bfc062723c751e8b465ee728b)
Start importing Assets/FBX/Materials/Material.001 Base Color 1.mat using Guid(8c186b2057a88144cafbce49d19eba0c) Importer(815301076,1909f56bfc062723c751e8b465ee728b)  -> (artifact id: '0582e6a9bc41c50d26d6a33a7af0e482') in 0.123277 seconds 
========================================================================
Received Import Request.
  Time since last request: 0.000324 seconds.
  path: Assets/FBX/Materials/Material.001 Base Color 4.mat
  artifactKey: Guid(1fdd3ff8d7190bc44957724a0af9d66d) Importer(815301076,1909f56bfc062723c751e8b465ee728b)
Start importing Assets/FBX/Materials/Material.001 Base Color 4.mat using Guid(1fdd3ff8d7190bc44957724a0af9d66d) Importer(815301076,1909f56bfc062723c751e8b465ee728b)  -> (artifact id: '71d0bb4c4a8e41d8fe5b388ce23b3ac1') in 0.039337 seconds 
========================================================================
Received Import Request.
  Time since last request: 0.000193 seconds.
  path: Assets/FBX/Materials/Material.001 Base Color 2.mat
  artifactKey: Guid(4f04ea7d1fcd24e4f8355dea42248410) Importer(815301076,1909f56bfc062723c751e8b465ee728b)
Start importing Assets/FBX/Materials/Material.001 Base Color 2.mat using Guid(4f04ea7d1fcd24e4f8355dea42248410) Importer(815301076,1909f56bfc062723c751e8b465ee728b)  -> (artifact id: 'fe885405c2c4966b9036f9ab3f51039e') in 0.054152 seconds 
========================================================================
Received Import Request.
  Time since last request: 0.000195 seconds.
  path: Assets/FBX/Materials/Material.001 Base Color 3.mat
  artifactKey: Guid(738ca9ae1e216d747a96d725510ac9af) Importer(815301076,1909f56bfc062723c751e8b465ee728b)
Start importing Assets/FBX/Materials/Material.001 Base Color 3.mat using Guid(738ca9ae1e216d747a96d725510ac9af) Importer(815301076,1909f56bfc062723c751e8b465ee728b)  -> (artifact id: '3a801dc38e1882ebed9b545ee00f5231') in 0.046173 seconds 
========================================================================
Received Prepare
Registering precompiled user dll's ...
Registered in 0.004409 seconds.
Begin MonoManager ReloadAssembly
Native extension for WindowsStandalone target not found
Native extension for WebGL target not found
Refreshing native plugins compatible for Editor in 0.32 ms, found 2 plugins.
Preloading 0 native plugins for Editor in 0.00 ms.
Mono: successfully reloaded assembly
- Completed reload, in  0.900 seconds
Domain Reload Profiling:
	ReloadAssembly (900ms)
		BeginReloadAssembly (120ms)
			ExecutionOrderSort (0ms)
			DisableScriptedObjects (4ms)
			BackupInstance (0ms)
			ReleaseScriptingObjects (0ms)
			CreateAndSetChildDomain (29ms)
		EndReloadAssembly (717ms)
			LoadAssemblies (108ms)
			RebuildTransferFunctionScriptingTraits (0ms)
			SetupTypeCache (234ms)
			ReleaseScriptCaches (1ms)
			RebuildScriptCaches (37ms)
			SetupLoadedEditorAssemblies (262ms)
				LogAssemblyErrors (0ms)
				InitializePlatformSupportModulesInManaged (5ms)
				SetLoadedEditorAssemblies (0ms)
				RefreshPlugins (0ms)
				BeforeProcessingInitializeOnLoad (82ms)
				ProcessInitializeOnLoadAttributes (157ms)
				ProcessInitializeOnLoadMethodAttributes (8ms)
				AfterProcessingInitializeOnLoad (9ms)
				EditorAssembliesLoaded (0ms)
			ExecutionOrderSort2 (0ms)
			AwakeInstancesAfterBackupRestoration (6ms)
Platform modules already initialized, skipping
Refreshing native plugins compatible for Editor in 0.32 ms, found 2 plugins.
Preloading 0 native plugins for Editor in 0.00 ms.
Unloading 1538 Unused Serialized files (Serialized files now loaded: 0)
System memory in use before: 96.3 MB.
System memory in use after: 96.5 MB.

Unloading 11 unused Assets to reduce memory usage. Loaded Objects now: 2073.
Total: 2.720500 ms (FindLiveObjects: 0.128800 ms CreateObjectMapping: 0.041400 ms MarkObjects: 2.528300 ms  DeleteObjects: 0.021200 ms)

AssetImportParameters requested are different than current active one (requested -> active):
  custom:framework-win-MediaFoundation: 216162199b28c13a410421893ffa2e32 -> 
  custom:video-decoder-ogg-theora: a1e56fd34408186e4bbccfd4996cb3dc -> 
  custom:container-muxer-webm: aa71ff27fc2769a1b78a27578f13a17b -> 
  custom:container-demuxer-webm: 4f35f7cbe854078d1ac9338744f61a02 -> 
  custom:container-demuxer-ogg: 62fdf1f143b41e24485cea50d1cbac27 -> 
  custom:video-encoder-webm-vp8: eb34c28f22e8b96e1ab97ce403110664 -> 
  custom:video-decoder-webm-vp8: 9c59270c3fd7afecdb556c50c9e8de78 -> 
  custom:audio-decoder-ogg-vorbis: bf7c407c2cedff20999df2af8eb42d56 -> 
  custom:audio-encoder-webm-vorbis: bf7c407c2cedff20999df2af8eb42d56 -> 
========================================================================
Received Import Request.
  Time since last request: 671.886975 seconds.
  path: Assets/FBX/Models/ZurtleAnimWalk.fbx
  artifactKey: Guid(fc0e1f7bb61795243bc18353674d8304) Importer(815301076,1909f56bfc062723c751e8b465ee728b)
Start importing Assets/FBX/Models/ZurtleAnimWalk.fbx using Guid(fc0e1f7bb61795243bc18353674d8304) Importer(815301076,1909f56bfc062723c751e8b465ee728b)  -> (artifact id: 'df27bfa235673c05fb60fdec3c874bb2') in 0.129769 seconds 
========================================================================
Received Import Request.
  Time since last request: 70.048422 seconds.
  path: Assets/FBX/Materials/Material.001 Base Color 5.mat
  artifactKey: Guid(64c1de9f3ddeb6b439568d3a13ae6f7b) Importer(815301076,1909f56bfc062723c751e8b465ee728b)
Start importing Assets/FBX/Materials/Material.001 Base Color 5.mat using Guid(64c1de9f3ddeb6b439568d3a13ae6f7b) Importer(815301076,1909f56bfc062723c751e8b465ee728b)  -> (artifact id: 'a47d30a4f24aa353cd8d69229d3496c7') in 0.014753 seconds 
========================================================================
Received Prepare
Registering precompiled user dll's ...
Registered in 0.006151 seconds.
Begin MonoManager ReloadAssembly
Native extension for WindowsStandalone target not found
Native extension for WebGL target not found
Refreshing native plugins compatible for Editor in 0.32 ms, found 2 plugins.
Preloading 0 native plugins for Editor in 0.00 ms.
Mono: successfully reloaded assembly
- Completed reload, in  0.890 seconds
Domain Reload Profiling:
	ReloadAssembly (891ms)
		BeginReloadAssembly (124ms)
			ExecutionOrderSort (0ms)
			DisableScriptedObjects (4ms)
			BackupInstance (0ms)
			ReleaseScriptingObjects (0ms)
			CreateAndSetChildDomain (30ms)
		EndReloadAssembly (707ms)
			LoadAssemblies (107ms)
			RebuildTransferFunctionScriptingTraits (0ms)
			SetupTypeCache (234ms)
			ReleaseScriptCaches (1ms)
			RebuildScriptCaches (36ms)
			SetupLoadedEditorAssemblies (260ms)
				LogAssemblyErrors (0ms)
				InitializePlatformSupportModulesInManaged (5ms)
				SetLoadedEditorAssemblies (0ms)
				RefreshPlugins (0ms)
				BeforeProcessingInitializeOnLoad (80ms)
				ProcessInitializeOnLoadAttributes (157ms)
				ProcessInitializeOnLoadMethodAttributes (8ms)
				AfterProcessingInitializeOnLoad (9ms)
				EditorAssembliesLoaded (0ms)
			ExecutionOrderSort2 (0ms)
			AwakeInstancesAfterBackupRestoration (6ms)
Platform modules already initialized, skipping
Refreshing native plugins compatible for Editor in 0.65 ms, found 2 plugins.
Preloading 0 native plugins for Editor in 0.00 ms.
Unloading 1538 Unused Serialized files (Serialized files now loaded: 0)
System memory in use before: 96.4 MB.
System memory in use after: 96.5 MB.

Unloading 11 unused Assets to reduce memory usage. Loaded Objects now: 2077.
Total: 3.222700 ms (FindLiveObjects: 0.252900 ms CreateObjectMapping: 0.065600 ms MarkObjects: 2.872700 ms  DeleteObjects: 0.030000 ms)

AssetImportParameters requested are different than current active one (requested -> active):
  custom:framework-win-MediaFoundation: 216162199b28c13a410421893ffa2e32 -> 
  custom:video-decoder-ogg-theora: a1e56fd34408186e4bbccfd4996cb3dc -> 
  custom:container-muxer-webm: aa71ff27fc2769a1b78a27578f13a17b -> 
  custom:container-demuxer-webm: 4f35f7cbe854078d1ac9338744f61a02 -> 
  custom:container-demuxer-ogg: 62fdf1f143b41e24485cea50d1cbac27 -> 
  custom:video-encoder-webm-vp8: eb34c28f22e8b96e1ab97ce403110664 -> 
  custom:video-decoder-webm-vp8: 9c59270c3fd7afecdb556c50c9e8de78 -> 
  custom:audio-decoder-ogg-vorbis: bf7c407c2cedff20999df2af8eb42d56 -> 
  custom:audio-encoder-webm-vorbis: bf7c407c2cedff20999df2af8eb42d56 -> 
========================================================================
Received Import Request.
  Time since last request: 135.348394 seconds.
  path: Assets/FBX/Models/ZurtleAnimWalk.fbx
  artifactKey: Guid(fc0e1f7bb61795243bc18353674d8304) Importer(815301076,1909f56bfc062723c751e8b465ee728b)
Start importing Assets/FBX/Models/ZurtleAnimWalk.fbx using Guid(fc0e1f7bb61795243bc18353674d8304) Importer(815301076,1909f56bfc062723c751e8b465ee728b)  -> (artifact id: '6afebbe77cdc5b4a128f07fed18af8f3') in 0.125074 seconds 
========================================================================
Received Prepare
Registering precompiled user dll's ...
Registered in 0.009279 seconds.
Begin MonoManager ReloadAssembly
Native extension for WindowsStandalone target not found
Native extension for WebGL target not found
Refreshing native plugins compatible for Editor in 0.31 ms, found 2 plugins.
Preloading 0 native plugins for Editor in 0.00 ms.
Mono: successfully reloaded assembly
- Completed reload, in  0.866 seconds
Domain Reload Profiling:
	ReloadAssembly (866ms)
		BeginReloadAssembly (123ms)
			ExecutionOrderSort (0ms)
			DisableScriptedObjects (4ms)
			BackupInstance (0ms)
			ReleaseScriptingObjects (0ms)
			CreateAndSetChildDomain (27ms)
		EndReloadAssembly (685ms)
			LoadAssemblies (106ms)
			RebuildTransferFunctionScriptingTraits (0ms)
			SetupTypeCache (232ms)
			ReleaseScriptCaches (1ms)
			RebuildScriptCaches (35ms)
			SetupLoadedEditorAssemblies (254ms)
				LogAssemblyErrors (0ms)
				InitializePlatformSupportModulesInManaged (5ms)
				SetLoadedEditorAssemblies (0ms)
				RefreshPlugins (0ms)
				BeforeProcessingInitializeOnLoad (80ms)
				ProcessInitializeOnLoadAttributes (151ms)
				ProcessInitializeOnLoadMethodAttributes (8ms)
				AfterProcessingInitializeOnLoad (9ms)
				EditorAssembliesLoaded (0ms)
			ExecutionOrderSort2 (0ms)
			AwakeInstancesAfterBackupRestoration (6ms)
Platform modules already initialized, skipping
Refreshing native plugins compatible for Editor in 0.31 ms, found 2 plugins.
Preloading 0 native plugins for Editor in 0.00 ms.
Unloading 1538 Unused Serialized files (Serialized files now loaded: 0)
System memory in use before: 96.4 MB.
System memory in use after: 96.5 MB.

Unloading 11 unused Assets to reduce memory usage. Loaded Objects now: 2081.
Total: 2.429900 ms (FindLiveObjects: 0.132200 ms CreateObjectMapping: 0.049800 ms MarkObjects: 2.229300 ms  DeleteObjects: 0.017900 ms)

AssetImportParameters requested are different than current active one (requested -> active):
  custom:framework-win-MediaFoundation: 216162199b28c13a410421893ffa2e32 -> 
  custom:video-decoder-ogg-theora: a1e56fd34408186e4bbccfd4996cb3dc -> 
  custom:container-muxer-webm: aa71ff27fc2769a1b78a27578f13a17b -> 
  custom:container-demuxer-webm: 4f35f7cbe854078d1ac9338744f61a02 -> 
  custom:container-demuxer-ogg: 62fdf1f143b41e24485cea50d1cbac27 -> 
  custom:video-encoder-webm-vp8: eb34c28f22e8b96e1ab97ce403110664 -> 
  custom:video-decoder-webm-vp8: 9c59270c3fd7afecdb556c50c9e8de78 -> 
  custom:audio-decoder-ogg-vorbis: bf7c407c2cedff20999df2af8eb42d56 -> 
  custom:audio-encoder-webm-vorbis: bf7c407c2cedff20999df2af8eb42d56 -> 
========================================================================
Received Prepare
Registering precompiled user dll's ...
Registered in 0.013156 seconds.
Begin MonoManager ReloadAssembly
Native extension for WindowsStandalone target not found
Native extension for WebGL target not found
Refreshing native plugins compatible for Editor in 0.32 ms, found 2 plugins.
Preloading 0 native plugins for Editor in 0.00 ms.
Mono: successfully reloaded assembly
- Completed reload, in  0.932 seconds
Domain Reload Profiling:
	ReloadAssembly (932ms)
		BeginReloadAssembly (139ms)
			ExecutionOrderSort (0ms)
			DisableScriptedObjects (5ms)
			BackupInstance (0ms)
			ReleaseScriptingObjects (0ms)
			CreateAndSetChildDomain (36ms)
		EndReloadAssembly (727ms)
			LoadAssemblies (121ms)
			RebuildTransferFunctionScriptingTraits (0ms)
			SetupTypeCache (255ms)
			ReleaseScriptCaches (1ms)
			RebuildScriptCaches (35ms)
			SetupLoadedEditorAssemblies (255ms)
				LogAssemblyErrors (0ms)
				InitializePlatformSupportModulesInManaged (5ms)
				SetLoadedEditorAssemblies (0ms)
				RefreshPlugins (0ms)
				BeforeProcessingInitializeOnLoad (80ms)
				ProcessInitializeOnLoadAttributes (153ms)
				ProcessInitializeOnLoadMethodAttributes (8ms)
				AfterProcessingInitializeOnLoad (9ms)
				EditorAssembliesLoaded (0ms)
			ExecutionOrderSort2 (0ms)
			AwakeInstancesAfterBackupRestoration (6ms)
Platform modules already initialized, skipping
Refreshing native plugins compatible for Editor in 1.27 ms, found 2 plugins.
Preloading 0 native plugins for Editor in 0.00 ms.
Unloading 1538 Unused Serialized files (Serialized files now loaded: 0)
System memory in use before: 96.4 MB.
System memory in use after: 96.5 MB.

Unloading 11 unused Assets to reduce memory usage. Loaded Objects now: 2084.
Total: 2.790300 ms (FindLiveObjects: 0.144500 ms CreateObjectMapping: 0.055100 ms MarkObjects: 2.554300 ms  DeleteObjects: 0.035400 ms)

AssetImportParameters requested are different than current active one (requested -> active):
  custom:framework-win-MediaFoundation: 216162199b28c13a410421893ffa2e32 -> 
  custom:video-decoder-ogg-theora: a1e56fd34408186e4bbccfd4996cb3dc -> 
  custom:container-muxer-webm: aa71ff27fc2769a1b78a27578f13a17b -> 
  custom:container-demuxer-webm: 4f35f7cbe854078d1ac9338744f61a02 -> 
  custom:container-demuxer-ogg: 62fdf1f143b41e24485cea50d1cbac27 -> 
  custom:video-encoder-webm-vp8: eb34c28f22e8b96e1ab97ce403110664 -> 
  custom:video-decoder-webm-vp8: 9c59270c3fd7afecdb556c50c9e8de78 -> 
  custom:audio-decoder-ogg-vorbis: bf7c407c2cedff20999df2af8eb42d56 -> 
  custom:audio-encoder-webm-vorbis: bf7c407c2cedff20999df2af8eb42d56 -> 
========================================================================
Received Import Request.
  Time since last request: 379.769753 seconds.
  path: Assets/FBX/Models/ZurtleWalk.controller
  artifactKey: Guid(8024b9ce4393b4f4cbd3dbf649275652) Importer(815301076,1909f56bfc062723c751e8b465ee728b)
Start importing Assets/FBX/Models/ZurtleWalk.controller using Guid(8024b9ce4393b4f4cbd3dbf649275652) Importer(815301076,1909f56bfc062723c751e8b465ee728b)  -> (artifact id: '225d56cf428917271c5b1bdc019af03c') in 0.020937 seconds 
========================================================================
Received Prepare
Registering precompiled user dll's ...
Registered in 0.004314 seconds.
Begin MonoManager ReloadAssembly
Native extension for WindowsStandalone target not found
Native extension for WebGL target not found
Refreshing native plugins compatible for Editor in 0.31 ms, found 2 plugins.
Preloading 0 native plugins for Editor in 0.00 ms.
Mono: successfully reloaded assembly
- Completed reload, in  0.857 seconds
Domain Reload Profiling:
	ReloadAssembly (857ms)
		BeginReloadAssembly (116ms)
			ExecutionOrderSort (0ms)
			DisableScriptedObjects (4ms)
			BackupInstance (0ms)
			ReleaseScriptingObjects (0ms)
			CreateAndSetChildDomain (27ms)
		EndReloadAssembly (682ms)
			LoadAssemblies (100ms)
			RebuildTransferFunctionScriptingTraits (0ms)
			SetupTypeCache (231ms)
			ReleaseScriptCaches (1ms)
			RebuildScriptCaches (35ms)
			SetupLoadedEditorAssemblies (252ms)
				LogAssemblyErrors (0ms)
				InitializePlatformSupportModulesInManaged (5ms)
				SetLoadedEditorAssemblies (0ms)
				RefreshPlugins (0ms)
				BeforeProcessingInitializeOnLoad (77ms)
				ProcessInitializeOnLoadAttributes (153ms)
				ProcessInitializeOnLoadMethodAttributes (7ms)
				AfterProcessingInitializeOnLoad (9ms)
				EditorAssembliesLoaded (0ms)
			ExecutionOrderSort2 (0ms)
			AwakeInstancesAfterBackupRestoration (6ms)
Platform modules already initialized, skipping
Refreshing native plugins compatible for Editor in 0.34 ms, found 2 plugins.
Preloading 0 native plugins for Editor in 0.00 ms.
Unloading 1538 Unused Serialized files (Serialized files now loaded: 0)
System memory in use before: 96.4 MB.
System memory in use after: 96.5 MB.

Unloading 11 unused Assets to reduce memory usage. Loaded Objects now: 2087.
Total: 2.357900 ms (FindLiveObjects: 0.126500 ms CreateObjectMapping: 0.043700 ms MarkObjects: 2.167800 ms  DeleteObjects: 0.019300 ms)

AssetImportParameters requested are different than current active one (requested -> active):
  custom:framework-win-MediaFoundation: 216162199b28c13a410421893ffa2e32 -> 
  custom:video-decoder-ogg-theora: a1e56fd34408186e4bbccfd4996cb3dc -> 
  custom:container-muxer-webm: aa71ff27fc2769a1b78a27578f13a17b -> 
  custom:container-demuxer-webm: 4f35f7cbe854078d1ac9338744f61a02 -> 
  custom:container-demuxer-ogg: 62fdf1f143b41e24485cea50d1cbac27 -> 
  custom:video-encoder-webm-vp8: eb34c28f22e8b96e1ab97ce403110664 -> 
  custom:video-decoder-webm-vp8: 9c59270c3fd7afecdb556c50c9e8de78 -> 
  custom:audio-decoder-ogg-vorbis: bf7c407c2cedff20999df2af8eb42d56 -> 
  custom:audio-encoder-webm-vorbis: bf7c407c2cedff20999df2af8eb42d56 -> 
========================================================================
Received Prepare
Registering precompiled user dll's ...
Registered in 0.004835 seconds.
Begin MonoManager ReloadAssembly
Native extension for WindowsStandalone target not found
Native extension for WebGL target not found
Refreshing native plugins compatible for Editor in 0.32 ms, found 2 plugins.
Preloading 0 native plugins for Editor in 0.00 ms.
Mono: successfully reloaded assembly
- Completed reload, in  0.978 seconds
Domain Reload Profiling:
	ReloadAssembly (979ms)
		BeginReloadAssembly (114ms)
			ExecutionOrderSort (0ms)
			DisableScriptedObjects (4ms)
			BackupInstance (0ms)
			ReleaseScriptingObjects (0ms)
			CreateAndSetChildDomain (26ms)
		EndReloadAssembly (807ms)
			LoadAssemblies (100ms)
			RebuildTransferFunctionScriptingTraits (0ms)
			SetupTypeCache (253ms)
			ReleaseScriptCaches (1ms)
			RebuildScriptCaches (35ms)
			SetupLoadedEditorAssemblies (322ms)
				LogAssemblyErrors (0ms)
				InitializePlatformSupportModulesInManaged (5ms)
				SetLoadedEditorAssemblies (0ms)
				RefreshPlugins (0ms)
				BeforeProcessingInitializeOnLoad (97ms)
				ProcessInitializeOnLoadAttributes (199ms)
				ProcessInitializeOnLoadMethodAttributes (8ms)
				AfterProcessingInitializeOnLoad (12ms)
				EditorAssembliesLoaded (0ms)
			ExecutionOrderSort2 (0ms)
			AwakeInstancesAfterBackupRestoration (10ms)
Platform modules already initialized, skipping
Refreshing native plugins compatible for Editor in 0.42 ms, found 2 plugins.
Preloading 0 native plugins for Editor in 0.00 ms.
Unloading 1538 Unused Serialized files (Serialized files now loaded: 0)
System memory in use before: 96.4 MB.
System memory in use after: 96.5 MB.

Unloading 11 unused Assets to reduce memory usage. Loaded Objects now: 2090.
Total: 2.510400 ms (FindLiveObjects: 0.134500 ms CreateObjectMapping: 0.048400 ms MarkObjects: 2.305700 ms  DeleteObjects: 0.021000 ms)

AssetImportParameters requested are different than current active one (requested -> active):
  custom:framework-win-MediaFoundation: 216162199b28c13a410421893ffa2e32 -> 
  custom:video-decoder-ogg-theora: a1e56fd34408186e4bbccfd4996cb3dc -> 
  custom:container-muxer-webm: aa71ff27fc2769a1b78a27578f13a17b -> 
  custom:container-demuxer-webm: 4f35f7cbe854078d1ac9338744f61a02 -> 
  custom:container-demuxer-ogg: 62fdf1f143b41e24485cea50d1cbac27 -> 
  custom:video-encoder-webm-vp8: eb34c28f22e8b96e1ab97ce403110664 -> 
  custom:video-decoder-webm-vp8: 9c59270c3fd7afecdb556c50c9e8de78 -> 
  custom:audio-decoder-ogg-vorbis: bf7c407c2cedff20999df2af8eb42d56 -> 
  custom:audio-encoder-webm-vorbis: bf7c407c2cedff20999df2af8eb42d56 -> 
========================================================================
Received Import Request.
  Time since last request: 772.820816 seconds.
  path: Assets/FBX/Models/New Animation.anim
  artifactKey: Guid(bb5dc28b5ec399445b7b87869d872df1) Importer(815301076,1909f56bfc062723c751e8b465ee728b)
Start importing Assets/FBX/Models/New Animation.anim using Guid(bb5dc28b5ec399445b7b87869d872df1) Importer(815301076,1909f56bfc062723c751e8b465ee728b)  -> (artifact id: 'f405b39bf75584dc5bc2a68397589f64') in 0.025499 seconds 
========================================================================
Received Import Request.
  Time since last request: 26.236671 seconds.
  path: Assets/FBX/Models/mickeyWalk.controller
  artifactKey: Guid(1ddd505527ebd314c9286a20d4593761) Importer(815301076,1909f56bfc062723c751e8b465ee728b)
Start importing Assets/FBX/Models/mickeyWalk.controller using Guid(1ddd505527ebd314c9286a20d4593761) Importer(815301076,1909f56bfc062723c751e8b465ee728b)  -> (artifact id: 'c8cd2f767cd6e3f2f05aa693d9ba064f') in 0.012230 seconds 
========================================================================
Received Import Request.
  Time since last request: 49.061491 seconds.
  path: Assets/FBX/Models/mickeyOpen.controller
  artifactKey: Guid(1ddd505527ebd314c9286a20d4593761) Importer(815301076,1909f56bfc062723c751e8b465ee728b)
Start importing Assets/FBX/Models/mickeyOpen.controller using Guid(1ddd505527ebd314c9286a20d4593761) Importer(815301076,1909f56bfc062723c751e8b465ee728b)  -> (artifact id: 'ba75f9bec999da86c714ba42098c1b0a') in 0.019557 seconds 
========================================================================
Received Prepare
Registering precompiled user dll's ...
Registered in 0.006709 seconds.
Begin MonoManager ReloadAssembly
Native extension for WindowsStandalone target not found
Native extension for WebGL target not found
Refreshing native plugins compatible for Editor in 0.33 ms, found 2 plugins.
Preloading 0 native plugins for Editor in 0.00 ms.
Mono: successfully reloaded assembly
- Completed reload, in  0.969 seconds
Domain Reload Profiling:
	ReloadAssembly (969ms)
		BeginReloadAssembly (144ms)
			ExecutionOrderSort (0ms)
			DisableScriptedObjects (5ms)
			BackupInstance (0ms)
			ReleaseScriptingObjects (0ms)
			CreateAndSetChildDomain (35ms)
		EndReloadAssembly (746ms)
			LoadAssemblies (139ms)
			RebuildTransferFunctionScriptingTraits (0ms)
			SetupTypeCache (249ms)
			ReleaseScriptCaches (1ms)
			RebuildScriptCaches (34ms)
			SetupLoadedEditorAssemblies (270ms)
				LogAssemblyErrors (0ms)
				InitializePlatformSupportModulesInManaged (5ms)
				SetLoadedEditorAssemblies (0ms)
				RefreshPlugins (0ms)
				BeforeProcessingInitializeOnLoad (82ms)
				ProcessInitializeOnLoadAttributes (165ms)
				ProcessInitializeOnLoadMethodAttributes (8ms)
				AfterProcessingInitializeOnLoad (9ms)
				EditorAssembliesLoaded (0ms)
			ExecutionOrderSort2 (0ms)
			AwakeInstancesAfterBackupRestoration (6ms)
Platform modules already initialized, skipping
Refreshing native plugins compatible for Editor in 0.39 ms, found 2 plugins.
Preloading 0 native plugins for Editor in 0.00 ms.
Unloading 1538 Unused Serialized files (Serialized files now loaded: 0)
System memory in use before: 96.4 MB.
System memory in use after: 96.5 MB.

Unloading 11 unused Assets to reduce memory usage. Loaded Objects now: 2093.
Total: 2.597300 ms (FindLiveObjects: 0.146000 ms CreateObjectMapping: 0.051400 ms MarkObjects: 2.378600 ms  DeleteObjects: 0.020600 ms)

AssetImportParameters requested are different than current active one (requested -> active):
  custom:framework-win-MediaFoundation: 216162199b28c13a410421893ffa2e32 -> 
  custom:video-decoder-ogg-theora: a1e56fd34408186e4bbccfd4996cb3dc -> 
  custom:container-muxer-webm: aa71ff27fc2769a1b78a27578f13a17b -> 
  custom:container-demuxer-webm: 4f35f7cbe854078d1ac9338744f61a02 -> 
  custom:container-demuxer-ogg: 62fdf1f143b41e24485cea50d1cbac27 -> 
  custom:video-encoder-webm-vp8: eb34c28f22e8b96e1ab97ce403110664 -> 
  custom:video-decoder-webm-vp8: 9c59270c3fd7afecdb556c50c9e8de78 -> 
  custom:audio-decoder-ogg-vorbis: bf7c407c2cedff20999df2af8eb42d56 -> 
  custom:audio-encoder-webm-vorbis: bf7c407c2cedff20999df2af8eb42d56 -> 
========================================================================
Received Import Request.
  Time since last request: 116.836625 seconds.
  path: Assets/FBX/Models/mickey.blend
  artifactKey: Guid(ebc14167a19fe854bba5c6f4e82c7232) Importer(815301076,1909f56bfc062723c751e8b465ee728b)
Start importing Assets/FBX/Models/mickey.blend using Guid(ebc14167a19fe854bba5c6f4e82c7232) Importer(815301076,1909f56bfc062723c751e8b465ee728b)  -> (artifact id: '07d966c121f50a06f94c5617a79b710f') in 0.200222 seconds 
========================================================================
Received Prepare
Registering precompiled user dll's ...
Registered in 0.012878 seconds.
Begin MonoManager ReloadAssembly
Native extension for WindowsStandalone target not found
Native extension for WebGL target not found
Refreshing native plugins compatible for Editor in 0.32 ms, found 2 plugins.
Preloading 0 native plugins for Editor in 0.00 ms.
Mono: successfully reloaded assembly
- Completed reload, in  0.849 seconds
Domain Reload Profiling:
	ReloadAssembly (850ms)
		BeginReloadAssembly (111ms)
			ExecutionOrderSort (0ms)
			DisableScriptedObjects (3ms)
			BackupInstance (0ms)
			ReleaseScriptingObjects (0ms)
			CreateAndSetChildDomain (25ms)
		EndReloadAssembly (680ms)
			LoadAssemblies (100ms)
			RebuildTransferFunctionScriptingTraits (0ms)
			SetupTypeCache (225ms)
			ReleaseScriptCaches (1ms)
			RebuildScriptCaches (33ms)
			SetupLoadedEditorAssemblies (257ms)
				LogAssemblyErrors (0ms)
				InitializePlatformSupportModulesInManaged (5ms)
				SetLoadedEditorAssemblies (0ms)
				RefreshPlugins (0ms)
				BeforeProcessingInitializeOnLoad (78ms)
				ProcessInitializeOnLoadAttributes (156ms)
				ProcessInitializeOnLoadMethodAttributes (8ms)
				AfterProcessingInitializeOnLoad (10ms)
				EditorAssembliesLoaded (0ms)
			ExecutionOrderSort2 (0ms)
			AwakeInstancesAfterBackupRestoration (6ms)
Platform modules already initialized, skipping
Refreshing native plugins compatible for Editor in 0.45 ms, found 2 plugins.
Preloading 0 native plugins for Editor in 0.00 ms.
Unloading 1538 Unused Serialized files (Serialized files now loaded: 0)
System memory in use before: 110.0 MB.
System memory in use after: 110.1 MB.

Unloading 11 unused Assets to reduce memory usage. Loaded Objects now: 2098.
Total: 3.839000 ms (FindLiveObjects: 0.202400 ms CreateObjectMapping: 0.074300 ms MarkObjects: 3.531900 ms  DeleteObjects: 0.029100 ms)

AssetImportParameters requested are different than current active one (requested -> active):
  custom:framework-win-MediaFoundation: 216162199b28c13a410421893ffa2e32 -> 
  custom:video-decoder-ogg-theora: a1e56fd34408186e4bbccfd4996cb3dc -> 
  custom:container-muxer-webm: aa71ff27fc2769a1b78a27578f13a17b -> 
  custom:container-demuxer-webm: 4f35f7cbe854078d1ac9338744f61a02 -> 
  custom:container-demuxer-ogg: 62fdf1f143b41e24485cea50d1cbac27 -> 
  custom:video-encoder-webm-vp8: eb34c28f22e8b96e1ab97ce403110664 -> 
  custom:video-decoder-webm-vp8: 9c59270c3fd7afecdb556c50c9e8de78 -> 
  custom:audio-decoder-ogg-vorbis: bf7c407c2cedff20999df2af8eb42d56 -> 
  custom:audio-encoder-webm-vorbis: bf7c407c2cedff20999df2af8eb42d56 -> 
AssetImportWorkerClient::OnTransportError - code=2 error=End of file
